
2018-12-12 16:47:17
[WARN]-[Thread: Thread-14]-[com.jfinal.kit.LogKit.warn()]: java.sql.BatchUpdateException: Field 'createAt' doesn't have a default value
com.jfinal.plugin.activerecord.ActiveRecordException: java.sql.BatchUpdateException: Field 'createAt' doesn't have a default value
	at com.jfinal.plugin.activerecord.DbPro.batch(DbPro.java:1046)
	at com.jfinal.plugin.activerecord.DbPro.batchSave(DbPro.java:1143)
	at com.jfinal.plugin.activerecord.Db.batchSave(Db.java:619)
	at com.juzicool.search.admin.task.ImportJuziByFileTask$1.run(ImportJuziByFileTask.java:90)
Caused by: java.sql.BatchUpdateException: Field 'createAt' doesn't have a default value
	at sun.reflect.NativeConstructorAccessorImpl.newInstance0(Native Method)
	at sun.reflect.NativeConstructorAccessorImpl.newInstance(Unknown Source)
	at sun.reflect.DelegatingConstructorAccessorImpl.newInstance(Unknown Source)
	at java.lang.reflect.Constructor.newInstance(Unknown Source)
	at com.mysql.jdbc.Util.handleNewInstance(Util.java:425)
	at com.mysql.jdbc.Util.getInstance(Util.java:408)
	at com.mysql.jdbc.SQLError.createBatchUpdateException(SQLError.java:1162)
	at com.mysql.jdbc.PreparedStatement.executeBatchSerially(PreparedStatement.java:1778)
	at com.mysql.jdbc.PreparedStatement.executeBatchInternal(PreparedStatement.java:1262)
	at com.mysql.jdbc.StatementImpl.executeBatch(StatementImpl.java:970)
	at com.alibaba.druid.filter.FilterChainImpl.statement_executeBatch(FilterChainImpl.java:2596)
	at com.alibaba.druid.filter.FilterAdapter.statement_executeBatch(FilterAdapter.java:2474)
	at com.alibaba.druid.filter.FilterEventAdapter.statement_executeBatch(FilterEventAdapter.java:279)
	at com.alibaba.druid.filter.FilterChainImpl.statement_executeBatch(FilterChainImpl.java:2594)
	at com.alibaba.druid.wall.WallFilter.statement_executeBatch(WallFilter.java:486)
	at com.alibaba.druid.filter.FilterChainImpl.statement_executeBatch(FilterChainImpl.java:2594)
	at com.alibaba.druid.proxy.jdbc.StatementProxyImpl.executeBatch(StatementProxyImpl.java:192)
	at com.alibaba.druid.pool.DruidPooledPreparedStatement.executeBatch(DruidPooledPreparedStatement.java:559)
	at com.jfinal.plugin.activerecord.DbPro.batch(DbPro.java:1008)
	at com.jfinal.plugin.activerecord.DbPro.batch(DbPro.java:1044)
	... 3 more
Caused by: java.sql.SQLException: Field 'createAt' doesn't have a default value
	at com.mysql.jdbc.SQLError.createSQLException(SQLError.java:964)
	at com.mysql.jdbc.MysqlIO.checkErrorPacket(MysqlIO.java:3973)
	at com.mysql.jdbc.MysqlIO.checkErrorPacket(MysqlIO.java:3909)
	at com.mysql.jdbc.MysqlIO.sendCommand(MysqlIO.java:2527)
	at com.mysql.jdbc.MysqlIO.sqlQueryDirect(MysqlIO.java:2680)
	at com.mysql.jdbc.ConnectionImpl.execSQL(ConnectionImpl.java:2487)
	at com.mysql.jdbc.PreparedStatement.executeInternal(PreparedStatement.java:1858)
	at com.mysql.jdbc.PreparedStatement.executeUpdateInternal(PreparedStatement.java:2079)
	at com.mysql.jdbc.PreparedStatement.executeBatchSerially(PreparedStatement.java:1756)
	... 15 more
